understand_zgemm.cpp: In function ‘int main(int, char**)’:
understand_zgemm.cpp:135:36: warning: deprecated conversion from string constant to ‘char*’ [-Wwrite-strings]
   print_Rmatrix (A, dim1, dim2, "A");
                                    ^
understand_zgemm.cpp:136:36: warning: deprecated conversion from string constant to ‘char*’ [-Wwrite-strings]
   print_Rmatrix (B, dim1, dim3, "B");
                                    ^
understand_zgemm.cpp:157:36: warning: deprecated conversion from string constant to ‘char*’ [-Wwrite-strings]
   print_Rmatrix (C, dim1, dim3, "C");
                                    ^
understand_zgemm.cpp:91:7: warning: unused variable ‘i’ [-Wunused-variable]
   int i, k, l, n;
       ^
understand_zgemm.cpp:91:10: warning: unused variable ‘k’ [-Wunused-variable]
   int i, k, l, n;
          ^
understand_zgemm.cpp:91:13: warning: unused variable ‘l’ [-Wunused-variable]
   int i, k, l, n;
             ^
understand_zgemm.cpp:91:16: warning: unused variable ‘n’ [-Wunused-variable]
   int i, k, l, n;
                ^
understand_zgemm.cpp:92:7: warning: variable ‘verbose’ set but not used [-Wunused-but-set-variable]
   int verbose = 0;
       ^
/tmp/ccNcXiYz.o: In Funktion `main':
understand_zgemm.cpp:(.text.startup+0x1c6): Nicht definierter Verweis auf `zgemm'
collect2: error: ld returned 1 exit status
