\BOOKMARK [0][-]{chapter.1}{\376\377\000C\000l\000a\000s\000s\000\040\000I\000n\000d\000e\000x}{}% 1
\BOOKMARK [1][-]{section.1.1}{\376\377\000C\000l\000a\000s\000s\000\040\000L\000i\000s\000t}{chapter.1}% 2
\BOOKMARK [0][-]{chapter.2}{\376\377\000C\000l\000a\000s\000s\000\040\000D\000o\000c\000u\000m\000e\000n\000t\000a\000t\000i\000o\000n}{}% 3
\BOOKMARK [1][-]{section.2.1}{\376\377\000c\000v\000c\000:\000:\000c\000v\000c\000:\000:\000c\000o\000m\000p\000l\000e\000x\000\040\000S\000t\000r\000u\000c\000t\000\040\000R\000e\000f\000e\000r\000e\000n\000c\000e}{chapter.2}% 4
\BOOKMARK [1][-]{section.2.2}{\376\377\000c\000v\000c\000:\000:\000c\000o\000m\000p\000l\000e\000x\000\040\000S\000t\000r\000u\000c\000t\000\040\000R\000e\000f\000e\000r\000e\000n\000c\000e}{chapter.2}% 5
\BOOKMARK [1][-]{section.2.3}{\376\377\000c\000v\000c\000:\000:\000d\000b\000l\000e\000\137\000v\000e\000c\000\137\000t\000\040\000S\000t\000r\000u\000c\000t\000\040\000R\000e\000f\000e\000r\000e\000n\000c\000e}{chapter.2}% 6
\BOOKMARK [1][-]{section.2.4}{\376\377\000c\000v\000c\000:\000:\000D\000M\000L\000\137\000C\000h\000e\000c\000k\000s\000u\000m\000\040\000S\000t\000r\000u\000c\000t\000\040\000R\000e\000f\000e\000r\000e\000n\000c\000e}{chapter.2}% 7
\BOOKMARK [1][-]{section.2.5}{\376\377\000c\000v\000c\000:\000:\000c\000v\000c\000:\000:\000D\000M\000L\000\137\000C\000h\000e\000c\000k\000s\000u\000m\000\040\000S\000t\000r\000u\000c\000t\000\040\000R\000e\000f\000e\000r\000e\000n\000c\000e}{chapter.2}% 8
\BOOKMARK [1][-]{section.2.6}{\376\377\000c\000v\000c\000:\000:\000e\000i\000g\000e\000n\000s\000y\000s\000t\000e\000m\000\137\000t\000y\000p\000e\000\040\000S\000t\000r\000u\000c\000t\000\040\000R\000e\000f\000e\000r\000e\000n\000c\000e}{chapter.2}% 9
\BOOKMARK [1][-]{section.2.7}{\376\377\000c\000v\000c\000:\000:\000c\000v\000c\000:\000:\000g\000s\000p\000\137\000t\000y\000p\000e\000\040\000S\000t\000r\000u\000c\000t\000\040\000R\000e\000f\000e\000r\000e\000n\000c\000e}{chapter.2}% 10
\BOOKMARK [1][-]{section.2.8}{\376\377\000c\000v\000c\000:\000:\000g\000s\000p\000\137\000t\000y\000p\000e\000\040\000S\000t\000r\000u\000c\000t\000\040\000R\000e\000f\000e\000r\000e\000n\000c\000e}{chapter.2}% 11
\BOOKMARK [1][-]{section.2.9}{\376\377\000c\000v\000c\000:\000:\000m\000\137\000m\000\137\0002\000p\000t\000\137\000t\000y\000p\000e\000\040\000S\000t\000r\000u\000c\000t\000\040\000R\000e\000f\000e\000r\000e\000n\000c\000e}{chapter.2}% 12
\BOOKMARK [1][-]{section.2.10}{\376\377\000c\000v\000c\000:\000:\000c\000v\000c\000:\000:\000m\000\137\000m\000\137\0002\000p\000t\000\137\000t\000y\000p\000e\000\040\000S\000t\000r\000u\000c\000t\000\040\000R\000e\000f\000e\000r\000e\000n\000c\000e}{chapter.2}% 13
\BOOKMARK [1][-]{section.2.11}{\376\377\000c\000v\000c\000:\000:\000c\000v\000c\000:\000:\000m\000o\000m\000e\000n\000t\000u\000m\000\137\000i\000n\000f\000o\000\137\000s\000t\000r\000u\000c\000t\000\040\000S\000t\000r\000u\000c\000t\000\040\000R\000e\000f\000e\000r\000e\000n\000c\000e}{chapter.2}% 14
\BOOKMARK [1][-]{section.2.12}{\376\377\000c\000v\000c\000:\000:\000m\000o\000m\000e\000n\000t\000u\000m\000\137\000i\000n\000f\000o\000\137\000s\000t\000r\000u\000c\000t\000\040\000S\000t\000r\000u\000c\000t\000\040\000R\000e\000f\000e\000r\000e\000n\000c\000e}{chapter.2}% 15
\BOOKMARK [1][-]{section.2.13}{\376\377\000o\000p\000t\000i\000o\000n\000\040\000S\000t\000r\000u\000c\000t\000\040\000R\000e\000f\000e\000r\000e\000n\000c\000e}{chapter.2}% 16
\BOOKMARK [1][-]{section.2.14}{\376\377\000c\000v\000c\000:\000:\000p\000e\000r\000a\000m\000b\000u\000l\000a\000t\000o\000r\000\137\000t\000y\000p\000e\000\040\000S\000t\000r\000u\000c\000t\000\040\000R\000e\000f\000e\000r\000e\000n\000c\000e}{chapter.2}% 17
\BOOKMARK [1][-]{section.2.15}{\376\377\000c\000v\000c\000:\000:\000r\000a\000n\000d\000o\000m\000v\000e\000c\000t\000o\000r\000\137\000t\000y\000p\000e\000\040\000S\000t\000r\000u\000c\000t\000\040\000R\000e\000f\000e\000r\000e\000n\000c\000e}{chapter.2}% 18
\BOOKMARK [1][-]{section.2.16}{\376\377\000t\000m\000L\000Q\000C\000D\000\137\000l\000a\000t\000\137\000p\000a\000r\000a\000m\000s\000\040\000S\000t\000r\000u\000c\000t\000\040\000R\000e\000f\000e\000r\000e\000n\000c\000e}{chapter.2}% 19
\BOOKMARK [1][-]{section.2.17}{\376\377\000t\000m\000L\000Q\000C\000D\000\137\000m\000p\000i\000\137\000p\000a\000r\000a\000m\000s\000\040\000S\000t\000r\000u\000c\000t\000\040\000R\000e\000f\000e\000r\000e\000n\000c\000e}{chapter.2}% 20
\BOOKMARK [1][-]{section.2.18}{\376\377\000c\000v\000c\000:\000:\000v\000e\000c\000\137\000t\000\040\000S\000t\000r\000u\000c\000t\000\040\000R\000e\000f\000e\000r\000e\000n\000c\000e}{chapter.2}% 21
\BOOKMARK [1][-]{section.2.19}{\376\377\000y\000y\000\137\000b\000u\000f\000f\000e\000r\000\137\000s\000t\000a\000t\000e\000\040\000S\000t\000r\000u\000c\000t\000\040\000R\000e\000f\000e\000r\000e\000n\000c\000e}{chapter.2}% 22
\BOOKMARK [2][-]{subsection.2.19.1}{\376\377\000M\000e\000m\000b\000e\000r\000\040\000D\000a\000t\000a\000\040\000D\000o\000c\000u\000m\000e\000n\000t\000a\000t\000i\000o\000n}{section.2.19}% 23
\BOOKMARK [3][-]{subsubsection.2.19.1.1}{\376\377\000y\000y\000\137\000b\000s\000\137\000c\000o\000l\000u\000m\000n}{subsection.2.19.1}% 24
\BOOKMARK [3][-]{subsubsection.2.19.1.2}{\376\377\000y\000y\000\137\000b\000s\000\137\000l\000i\000n\000e\000n\000o}{subsection.2.19.1}% 25
\BOOKMARK [1][-]{section.2.20}{\376\377\000y\000y\000\137\000t\000r\000a\000n\000s\000\137\000i\000n\000f\000o\000\040\000S\000t\000r\000u\000c\000t\000\040\000R\000e\000f\000e\000r\000e\000n\000c\000e}{chapter.2}% 26
\BOOKMARK [0][-]{section*.22}{\376\377\000I\000n\000d\000e\000x}{}% 27
